<?xml version="1.0" encoding="UTF-8"?>
<!-- Generated by org.testng.reporters.JUnitReportReporter -->
<testsuite hostname="Shree-PC" name="MavenProject.StartSetting" tests="2" failures="0" timestamp="23 Aug 2013 15:00:13 GMT" time="16.828" errors="0">
  <testcase name="StartBrowser" time="10.385" classname="MavenProject.StartSetting"/>
  <testcase name="NavigateURL" time="6.443" classname="MavenProject.StartSetting"/>
</testsuite> <!-- MavenProject.StartSetting -->
