<?xml version="1.0" encoding="UTF-8"?>
<!-- Generated by org.testng.reporters.JUnitReportReporter -->
<testsuite hostname="Shree-PC" name="MavenProject.TestSetting" tests="3" failures="0" timestamp="24 Aug 2013 06:50:44 GMT" time="32.588" errors="0">
  <testcase name="StartBrowser" time="19.211" classname="MavenProject.TestSetting"/>
  <testcase name="NavigateURL" time="11.460" classname="MavenProject.TestSetting"/>
  <testcase name="CloseBrowser" time="1.917" classname="MavenProject.TestSetting"/>
</testsuite>
