<?xml version="1.0" encoding="UTF-8"?>
<!-- Generated by org.testng.reporters.JUnitReportReporter -->
<testsuite hostname="Shree-PC" name="MavenProject.TestSetting" tests="3" failures="0" timestamp="29 Aug 2013 14:21:45 GMT" time="23.824" errors="0">
  <testcase name="NavigateURL" time="12.166" classname="MavenProject.TestSetting"/>
  <testcase name="CloseBrowser" time="0.020" classname="MavenProject.TestSetting"/>
  <testcase name="StartBrowser" time="11.638" classname="MavenProject.TestSetting"/>
</testsuite>
